TN:
SF:src/pages/account/Login.jsx
FN:6,(anonymous_0)
FN:13,(anonymous_1)
FN:19,(anonymous_2)
FN:63,(anonymous_3)
FN:84,(anonymous_4)
FNF:5
FNH:5
FNDA:27,(anonymous_0)
FNDA:3,(anonymous_1)
FNDA:1,(anonymous_2)
FNDA:8,(anonymous_3)
FNDA:16,(anonymous_4)
DA:6,1
DA:7,27
DA:8,27
DA:9,27
DA:10,27
DA:13,27
DA:14,3
DA:15,1
DA:19,27
DA:20,1
DA:21,1
DA:22,1
DA:29,1
DA:30,1
DA:32,0
DA:36,27
DA:63,8
DA:84,16
LF:18
LH:17
BRDA:14,0,0,1
BRDA:14,0,1,2
BRDA:100,1,0,27
BRDA:100,1,1,26
BRF:4
BRH:4
end_of_record
TN:
SF:src/pages/account/SignUp.jsx
FN:6,(anonymous_0)
FN:16,(anonymous_1)
FN:23,(anonymous_2)
FN:46,(anonymous_3)
FN:98,(anonymous_4)
FN:119,(anonymous_5)
FN:140,(anonymous_6)
FN:148,(anonymous_7)
FNF:8
FNH:8
FNDA:117,(anonymous_0)
FNDA:5,(anonymous_1)
FNDA:3,(anonymous_2)
FNDA:3,(anonymous_3)
FNDA:24,(anonymous_4)
FNDA:48,(anonymous_5)
FNDA:36,(anonymous_6)
FNDA:5,(anonymous_7)
DA:6,1
DA:7,117
DA:8,117
DA:10,117
DA:11,117
DA:12,117
DA:13,117
DA:16,117
DA:17,5
DA:18,0
DA:23,117
DA:24,3
DA:26,3
DA:27,1
DA:29,3
DA:30,1
DA:32,3
DA:33,0
DA:35,3
DA:36,1
DA:38,3
DA:39,1
DA:42,3
DA:46,117
DA:47,3
DA:48,3
DA:50,3
DA:51,1
DA:52,1
DA:55,2
DA:57,2
DA:58,2
DA:63,1
DA:65,1
DA:66,1
DA:67,1
DA:71,117
DA:98,24
DA:119,48
DA:140,36
DA:149,5
LF:41
LH:39
BRDA:17,0,0,0
BRDA:17,0,1,5
BRDA:26,1,0,1
BRDA:26,1,1,2
BRDA:29,2,0,1
BRDA:29,2,1,2
BRDA:32,3,0,0
BRDA:32,3,1,3
BRDA:35,4,0,1
BRDA:35,4,1,2
BRDA:38,5,0,1
BRDA:38,5,1,2
BRDA:50,6,0,1
BRDA:50,6,1,2
BRDA:145,7,0,117
BRDA:145,7,1,2
BRDA:167,8,0,117
BRDA:167,8,1,117
BRF:18
BRH:16
end_of_record
